1515765879245	geckodriver	INFO	geckodriver 0.19.1
1515765879253	geckodriver	INFO	Listening on 127.0.0.1:62469
1515765882467	mozrunner::runner	INFO	Running command: "C:\\Program Files (x86)\\Mozilla Firefox\\firefox.exe" "-marionette" "-profile" "C:\\Users\\JEFERS~1\\AppData\\Local\\Temp\\rust_mozprofile.ckz349S2hxEF"
1515765925382	geckodriver	INFO	geckodriver 0.19.1
1515765925390	geckodriver	INFO	Listening on 127.0.0.1:62500
1515765928532	mozrunner::runner	INFO	Running command: "C:\\Program Files (x86)\\Mozilla Firefox\\firefox.exe" "-marionette" "-profile" "C:\\Users\\JEFERS~1\\AppData\\Local\\Temp\\rust_mozprofile.e6Q00UadCl6r"
1515765930420	Marionette	INFO	Enabled via --marionette
[GFX1-]: Could not get a DXGI adapter
Unable to read VR Path Registry from C:\Users\Jeferson IP Fidelis\AppData\Local\openvr\openvrpaths.vrpath
[Child 11636, Chrome_ChildThread] WARNING: pipe error: 109: file z:/build/build/src/ipc/chromium/src/chrome/common/ipc_channel_win.cc, line 346
[Child 11636, Chrome_ChildThread] WARNING: pipe error: 109: file z:/build/build/src/ipc/chromium/src/chrome/common/ipc_channel_win.cc, line 346
[GFX1-]: Could not get a DXGI adapter
1515765937854	Marionette	INFO	Listening on port 62508
1515765938113	Marionette	WARN	TLS certificate errors will be ignored for this session
1515765938404	Marionette	DEBUG	Register listener.js for window 4294967297
1515765938862	Marionette	DEBUG	Received DOM event "beforeunload" for "about:blank"
1515765939745	Marionette	DEBUG	Received DOM event "pagehide" for "about:blank"
1515765939746	Marionette	DEBUG	Received DOM event "unload" for "about:blank"
[GFX1-]: Could not get a DXGI adapter
1515765941855	Marionette	DEBUG	Received DOM event "DOMContentLoaded" for "https://www.python.org/"
1515765942556	Marionette	DEBUG	Received DOM event "pageshow" for "https://www.python.org/"
1515766013696	geckodriver	INFO	geckodriver 0.19.1
1515766013703	geckodriver	INFO	Listening on 127.0.0.1:62552
1515766016775	mozrunner::runner	INFO	Running command: "C:\\Program Files (x86)\\Mozilla Firefox\\firefox.exe" "-marionette" "-profile" "C:\\Users\\JEFERS~1\\AppData\\Local\\Temp\\rust_mozprofile.FOnVDxts9PQM"
1515766018498	Marionette	INFO	Enabled via --marionette
1515766020957	Marionette	INFO	Listening on port 62560
1515766022005	Marionette	WARN	TLS certificate errors will be ignored for this session
1515766022079	Marionette	DEBUG	Register listener.js for window 4294967297
1515766022096	Marionette	DEBUG	Received DOM event "beforeunload" for "about:blank"
1515766022277	Marionette	DEBUG	Received DOM event "pagehide" for "about:blank"
1515766022277	Marionette	DEBUG	Received DOM event "unload" for "about:blank"
1515766022854	Marionette	DEBUG	Received DOM event "DOMContentLoaded" for "https://www.python.org/"
1515766022968	Marionette	DEBUG	Received DOM event "pageshow" for "https://www.python.org/"
1515766079057	geckodriver	INFO	geckodriver 0.19.1
1515766079064	geckodriver	INFO	Listening on 127.0.0.1:62615
1515766082179	mozrunner::runner	INFO	Running command: "C:\\Program Files (x86)\\Mozilla Firefox\\firefox.exe" "-marionette" "-profile" "C:\\Users\\JEFERS~1\\AppData\\Local\\Temp\\rust_mozprofile.iiumxERaxQ61"
1515766082996	Marionette	INFO	Enabled via --marionette
Unable to read VR Path Registry from C:\Users\Jeferson IP Fidelis\AppData\Local\openvr\openvrpaths.vrpath
[Child 8244, Chrome_ChildThread] WARNING: pipe error: 109: file z:/build/build/src/ipc/chromium/src/chrome/common/ipc_channel_win.cc, line 346
[Child 8244, Chrome_ChildThread] WARNING: pipe error: 109: file z:/build/build/src/ipc/chromium/src/chrome/common/ipc_channel_win.cc, line 346
1515766085178	Marionette	INFO	Listening on port 62623
1515766085355	Marionette	WARN	TLS certificate errors will be ignored for this session
1515766085441	Marionette	DEBUG	Register listener.js for window 4294967297
1515766085462	Marionette	DEBUG	Received DOM event "beforeunload" for "about:blank"
1515766085804	Marionette	DEBUG	Received DOM event "pagehide" for "about:blank"
1515766085804	Marionette	DEBUG	Received DOM event "unload" for "about:blank"
1515766086277	Marionette	DEBUG	Received DOM event "DOMContentLoaded" for "https://www.python.org/"
1515766086466	Marionette	DEBUG	Received DOM event "pageshow" for "https://www.python.org/"
1515766228408	geckodriver	INFO	geckodriver 0.19.1
1515766228416	geckodriver	INFO	Listening on 127.0.0.1:62752
1515766231524	mozrunner::runner	INFO	Running command: "C:\\Program Files (x86)\\Mozilla Firefox\\firefox.exe" "-marionette" "-profile" "C:\\Users\\JEFERS~1\\AppData\\Local\\Temp\\rust_mozprofile.1g1EpP6W1t5x"
1515766232204	Marionette	INFO	Enabled via --marionette
Unable to read VR Path Registry from C:\Users\Jeferson IP Fidelis\AppData\Local\openvr\openvrpaths.vrpath
[Child 13348, Chrome_ChildThread] WARNING: pipe error: 109: file z:/build/build/src/ipc/chromium/src/chrome/common/ipc_channel_win.cc, line 346
[Child 13348, Chrome_ChildThread] WARNING: pipe error: 109: file z:/build/build/src/ipc/chromium/src/chrome/common/ipc_channel_win.cc, line 346
1515766234348	Marionette	INFO	Listening on port 62764
1515766234634	Marionette	WARN	TLS certificate errors will be ignored for this session
1515766234698	Marionette	DEBUG	Register listener.js for window 4294967297
1515766234715	Marionette	DEBUG	Received DOM event "beforeunload" for "about:blank"
1515766235081	Marionette	DEBUG	Received DOM event "pagehide" for "about:blank"
1515766235081	Marionette	DEBUG	Received DOM event "unload" for "about:blank"
1515766235529	Marionette	DEBUG	Received DOM event "DOMContentLoaded" for "https://www.python.org/"
1515766235727	Marionette	DEBUG	Received DOM event "pageshow" for "https://www.python.org/"
1515766244328	geckodriver	INFO	geckodriver 0.19.1
1515766244335	geckodriver	INFO	Listening on 127.0.0.1:62823
1515766247485	mozrunner::runner	INFO	Running command: "C:\\Program Files (x86)\\Mozilla Firefox\\firefox.exe" "-marionette" "-profile" "C:\\Users\\JEFERS~1\\AppData\\Local\\Temp\\rust_mozprofile.FmHSO6oGHRaz"
1515766249246	Marionette	INFO	Enabled via --marionette
Unable to read VR Path Registry from C:\Users\Jeferson IP Fidelis\AppData\Local\openvr\openvrpaths.vrpath
[Child 8028, Chrome_ChildThread] WARNING: pipe error: 109: file z:/build/build/src/ipc/chromium/src/chrome/common/ipc_channel_win.cc, line 346
[Child 8028, Chrome_ChildThread] WARNING: pipe error: 109: file z:/build/build/src/ipc/chromium/src/chrome/common/ipc_channel_win.cc, line 346
1515766251644	Marionette	INFO	Listening on port 62835
1515766252711	Marionette	WARN	TLS certificate errors will be ignored for this session
1515766252782	Marionette	DEBUG	Register listener.js for window 4294967297
1515766252802	Marionette	DEBUG	Received DOM event "beforeunload" for "about:blank"
1515766252942	Marionette	DEBUG	Received DOM event "pagehide" for "about:blank"
1515766252942	Marionette	DEBUG	Received DOM event "unload" for "about:blank"
1515766253346	Marionette	DEBUG	Received DOM event "DOMContentLoaded" for "https://www.python.org/"
1515766253534	Marionette	DEBUG	Received DOM event "pageshow" for "https://www.python.org/"
1515768839837	geckodriver	INFO	geckodriver 0.19.1
1515768839843	geckodriver	INFO	Listening on 127.0.0.1:64160
1515768842949	mozrunner::runner	INFO	Running command: "C:\\Program Files (x86)\\Mozilla Firefox\\firefox.exe" "-marionette" "-profile" "C:\\Users\\JEFERS~1\\AppData\\Local\\Temp\\rust_mozprofile.8DY3srXW3BQh"
1515768844634	Marionette	INFO	Enabled via --marionette
Unable to read VR Path Registry from C:\Users\Jeferson IP Fidelis\AppData\Local\openvr\openvrpaths.vrpath
[Child 14944, Chrome_ChildThread] WARNING: pipe error: 109: file z:/build/build/src/ipc/chromium/src/chrome/common/ipc_channel_win.cc, line 346
[Child 14944, Chrome_ChildThread] WARNING: pipe error: 109: file z:/build/build/src/ipc/chromium/src/chrome/common/ipc_channel_win.cc, line 346
1515768846979	Marionette	INFO	Listening on port 64168
1515768847150	Marionette	WARN	TLS certificate errors will be ignored for this session
1515768847241	Marionette	DEBUG	Register listener.js for window 4294967297
1515768847278	Marionette	DEBUG	Received DOM event "beforeunload" for "about:blank"
1515768847758	Marionette	DEBUG	Received DOM event "pagehide" for "about:blank"
1515768847758	Marionette	DEBUG	Received DOM event "unload" for "about:blank"
1515768848571	Marionette	DEBUG	Received DOM event "DOMContentLoaded" for "http://tivit.mdacesso.com.br/logon.aspx?ReturnUrl=%2f"
1515768848620	Marionette	DEBUG	Received DOM event "pageshow" for "http://tivit.mdacesso.com.br/logon.aspx?ReturnUrl=%2f"
Unable to read VR Path Registry from C:\Users\Jeferson IP Fidelis\AppData\Local\openvr\openvrpaths.vrpath
[Parent 16896, Gecko_IOThread] WARNING: pipe error: 109: file z:/build/build/src/ipc/chromium/src/chrome/common/ipc_channel_win.cc, line 346
Unable to read VR Path Registry from C:\Users\Jeferson IP Fidelis\AppData\Local\openvr\openvrpaths.vrpath
[Child 17228, Chrome_ChildThread] WARNING: pipe error: 109: file z:/build/build/src/ipc/chromium/src/chrome/common/ipc_channel_win.cc, line 346
[Child 17228, Chrome_ChildThread] WARNING: pipe error: 109: file z:/build/build/src/ipc/chromium/src/chrome/common/ipc_channel_win.cc, line 346
*** UTM:SVC TimerManager:registerTimer called after profile-before-change notification. Ignoring timer registration for id: telemetry_modules_ping

###!!! [Child][MessageChannel::SendAndWait] Error: Channel error: cannot send/recv

